<?xml version="1.0" encoding="UTF-8"?>
<!-- Generated by org.testng.reporters.JUnitReportReporter -->
<testsuite hostname="Balaji" failures="0" tests="1" name="com.nse.test.LoginUITest" time="54.236" errors="0" timestamp="2022-04-16T13:42:54 IST" skipped="0">
  <testcase classname="com.nse.test.LoginUITest" name="linkedInIconLinkTest" time="54.236"/>
  <system-out/>
</testsuite> <!-- com.nse.test.LoginUITest -->
