<?xml version="1.0" encoding="UTF-8"?>
<!-- Generated by org.testng.reporters.JUnitReportReporter -->
<testsuite hostname="Balaji" failures="0" tests="3" name="com.nse.test.Demo1Test" time="20.040" errors="0" timestamp="2022-04-02T16:21:49 IST" skipped="0">
  <testcase classname="com.nse.test.Demo1Test" name="validTest" time="5.638"/>
  <system-out/>
  <testcase classname="com.nse.test.Demo1Test" name="validTest" time="5.618"/>
  <system-out/>
  <testcase classname="com.nse.test.Demo1Test" name="validTest" time="8.784"/>
  <system-out/>
</testsuite> <!-- com.nse.test.Demo1Test -->
