<?xml version="1.0" encoding="UTF-8"?>
<!-- Generated by org.testng.reporters.JUnitReportReporter -->
<testsuite hostname="Balaji" failures="0" tests="4" name="com.nse.test.LoginTest" time="133.394" errors="0" timestamp="2022-04-04T19:29:32 IST" skipped="0">
  <testcase classname="com.nse.test.LoginTest" name="invalidCredentialTest" time="29.084"/>
  <system-out/>
  <testcase classname="com.nse.test.LoginTest" name="invalidCredentialTest" time="36.319"/>
  <system-out/>
  <testcase classname="com.nse.test.LoginTest" name="invalidCredentialTest" time="33.714"/>
  <system-out/>
  <testcase classname="com.nse.test.LoginTest" name="invalidCredentialTest" time="34.277"/>
  <system-out/>
</testsuite> <!-- com.nse.test.LoginTest -->
