<?xml version="1.0" encoding="UTF-8"?>
<!-- Generated by org.testng.reporters.JUnitReportReporter -->
<testsuite hostname="Balaji" failures="0" tests="1" name="com.nse.test.EmployeeTest" time="19.025" errors="0" timestamp="2022-04-04T19:26:01 IST" skipped="0">
  <testcase classname="com.nse.test.EmployeeTest" name="addEmployeeTest" time="19.025"/>
  <system-out/>
</testsuite> <!-- com.nse.test.EmployeeTest -->
