<?xml version="1.0" encoding="UTF-8"?>
<!-- Generated by org.testng.reporters.JUnitReportReporter -->
<testsuite hostname="Balaji" failures="0" tests="3" name="com.nse.test.LoginTest" time="358.590" errors="0" timestamp="2022-04-08T20:29:30 IST" skipped="0">
  <testcase classname="com.nse.test.LoginTest" name="invalidCredentialTest" time="315.478"/>
  <system-out/>
  <testcase classname="com.nse.test.LoginTest" name="invalidCredentialTest" time="20.761"/>
  <system-out/>
  <testcase classname="com.nse.test.LoginTest" name="invalidCredentialTest" time="22.351"/>
  <system-out/>
</testsuite> <!-- com.nse.test.LoginTest -->
