<?xml version="1.0" encoding="UTF-8"?>
<!-- Generated by org.testng.reporters.JUnitReportReporter -->
<testsuite hostname="Balaji" failures="0" tests="2" name="com.nse.test.LoginUITest" time="97.378" errors="0" timestamp="2022-04-02T14:34:17 IST" skipped="0">
  <testcase classname="com.nse.test.LoginUITest" name="validateTitleTest" time="58.612"/>
  <system-out/>
  <testcase classname="com.nse.test.LoginUITest" name="UIComponentTest" time="38.766"/>
  <system-out/>
</testsuite> <!-- com.nse.test.LoginUITest -->
