<?xml version="1.0" encoding="UTF-8"?>
<!-- Generated by org.testng.reporters.JUnitReportReporter -->
<testsuite hostname="Balaji" failures="0" tests="4" name="com.nse.test.LoginUITest" time="46.050" errors="0" timestamp="2022-04-06T19:34:28 IST" skipped="0">
  <testcase classname="com.nse.test.LoginUITest" name="validateTitleTest" time="10.586"/>
  <system-out/>
  <testcase classname="com.nse.test.LoginUITest" name="UIComponentTest" time="14.955"/>
  <system-out/>
  <testcase classname="com.nse.test.LoginUITest" name="validateTitleTest" time="10.416"/>
  <system-out/>
  <testcase classname="com.nse.test.LoginUITest" name="UIComponentTest" time="10.093"/>
  <system-out/>
</testsuite> <!-- com.nse.test.LoginUITest -->
